\BOOKMARK [0][-]{chapter*.6}{\332vod}{}% 1
\BOOKMARK [0][-]{chapter.1}{Prostredie}{}% 2
\BOOKMARK [1][-]{section.1.1}{Single-Page Application \(SPA\)}{chapter.1}% 3
\BOOKMARK [0][-]{chapter.2}{Programovacie jazyky Dart a ECMAScript\256 2016}{}% 4
\BOOKMARK [1][-]{section.2.1}{Dart}{chapter.2}% 5
\BOOKMARK [2][-]{subsection.2.1.1}{Triedy}{section.2.1}% 6
\BOOKMARK [2][-]{subsection.2.1.2}{Typy}{section.2.1}% 7
\BOOKMARK [2][-]{subsection.2.1.3}{Premenn\351}{section.2.1}% 8
\BOOKMARK [2][-]{subsection.2.1.4}{Funkcie}{section.2.1}% 9
\BOOKMARK [2][-]{subsection.2.1.5}{Upozornenia a chyby}{section.2.1}% 10
\BOOKMARK [2][-]{subsection.2.1.6}{S\372kromie}{section.2.1}% 11
\BOOKMARK [2][-]{subsection.2.1.7}{Kni\236nice}{section.2.1}% 12
\BOOKMARK [2][-]{subsection.2.1.8}{S\372be\236nost}{section.2.1}% 13
\BOOKMARK [2][-]{subsection.2.1.9}{Podpora v prehliadaci}{section.2.1}% 14
\BOOKMARK [2][-]{subsection.2.1.10}{Syntaktick\351 pom\364cky}{section.2.1}% 15
\BOOKMARK [1][-]{section.2.2}{ECMAScript\256 2016}{chapter.2}% 16
\BOOKMARK [2][-]{subsection.2.2.1}{Triedy}{section.2.2}% 17
\BOOKMARK [2][-]{subsection.2.2.2}{Typy}{section.2.2}% 18
\BOOKMARK [2][-]{subsection.2.2.3}{Premenn\351}{section.2.2}% 19
\BOOKMARK [2][-]{subsection.2.2.4}{Funkcie}{section.2.2}% 20
\BOOKMARK [2][-]{subsection.2.2.5}{Upozornenia a chyby}{section.2.2}% 21
\BOOKMARK [2][-]{subsection.2.2.6}{S\372kromie}{section.2.2}% 22
\BOOKMARK [2][-]{subsection.2.2.7}{Kni\236nice}{section.2.2}% 23
\BOOKMARK [2][-]{subsection.2.2.8}{S\372be\236nost}{section.2.2}% 24
\BOOKMARK [2][-]{subsection.2.2.9}{Podpora v prehliadaci}{section.2.2}% 25
\BOOKMARK [2][-]{subsection.2.2.10}{Syntaktick\351 pom\364cky}{section.2.2}% 26
\BOOKMARK [1][-]{section.2.3}{Porovnanie jazykov Dart a ECMAScript\256 2016}{chapter.2}% 27
\BOOKMARK [2][-]{subsection.2.3.1}{Tabulka porovnania syntaxe}{section.2.3}% 28
\BOOKMARK [0][-]{chapter.3}{N\341vrhov\351 vzory Flux a Redux}{}% 29
\BOOKMARK [1][-]{section.3.1}{Flux}{chapter.3}% 30
\BOOKMARK [2][-]{subsection.3.1.1}{Tok d\341t}{section.3.1}% 31
\BOOKMARK [2][-]{subsection.3.1.2}{Dispecer \(dispatcher\)}{section.3.1}% 32
\BOOKMARK [2][-]{subsection.3.1.3}{Store}{section.3.1}% 33
\BOOKMARK [2][-]{subsection.3.1.4}{Akcie}{section.3.1}% 34
\BOOKMARK [2][-]{subsection.3.1.5}{Views}{section.3.1}% 35
\BOOKMARK [2][-]{subsection.3.1.6}{Vedlaj\235ie efekty}{section.3.1}% 36
\BOOKMARK [1][-]{section.3.2}{Redux}{chapter.3}% 37
\BOOKMARK [2][-]{subsection.3.2.1}{Tok d\341t}{section.3.2}% 38
\BOOKMARK [2][-]{subsection.3.2.2}{Store}{section.3.2}% 39
\BOOKMARK [2][-]{subsection.3.2.3}{Komponenty}{section.3.2}% 40
\BOOKMARK [2][-]{subsection.3.2.4}{Akcie}{section.3.2}% 41
\BOOKMARK [2][-]{subsection.3.2.5}{Reducer}{section.3.2}% 42
\BOOKMARK [2][-]{subsection.3.2.6}{Perzistentn\351 \235trukt\372ry}{section.3.2}% 43
\BOOKMARK [2][-]{subsection.3.2.7}{Middlewares}{section.3.2}% 44
\BOOKMARK [1][-]{section.3.3}{Porovnanie vzorov Flux a Redux}{chapter.3}% 45
\BOOKMARK [2][-]{subsection.3.3.1}{Porovnanie zlo\236iek n\341vrhov\375ch vzorov}{section.3.3}% 46
\BOOKMARK [2][-]{subsection.3.3.2}{Simulovanie behu programu}{section.3.3}% 47
\BOOKMARK [0][-]{chapter.4}{Motiv\341cia a sp\364sob prekladania k\363du}{}% 48
\BOOKMARK [1][-]{section.4.1}{Motiv\341cia}{chapter.4}% 49
\BOOKMARK [1][-]{section.4.2}{Ako prelo\236it v\235etky casti k\363du}{chapter.4}% 50
\BOOKMARK [2][-]{subsection.4.2.1}{Komponenty}{section.4.2}% 51
\BOOKMARK [2][-]{subsection.4.2.2}{Story}{section.4.2}% 52
\BOOKMARK [2][-]{subsection.4.2.3}{Akcie}{section.4.2}% 53
\BOOKMARK [1][-]{section.4.3}{Kni\236nice open source pou\236it\351 v aplik\341cii}{chapter.4}% 54
\BOOKMARK [1][-]{section.4.4}{S\372borov\341 \235trukt\372ra aplik\341cie}{chapter.4}% 55
\BOOKMARK [0][-]{chapter*.70}{Z\341ver}{}% 56
